0 info it worked if it ends with ok
1 verbose cli [ 'node', '/usr/local/bin/npm', 'install', '-g', 'node-inspector' ]
2 info using npm@2.5.1
3 info using node@v0.12.1
4 silly cache add args [ 'node-inspector', null ]
5 verbose cache add spec node-inspector
6 silly cache add parsed spec { raw: 'node-inspector',
6 silly cache add   scope: null,
6 silly cache add   name: 'node-inspector',
6 silly cache add   rawSpec: '',
6 silly cache add   spec: '*',
6 silly cache add   type: 'range' }
7 verbose addNamed node-inspector@*
8 silly addNamed semver.valid null
9 silly addNamed semver.validRange *
10 silly addNameRange { name: 'node-inspector', range: '*', hasData: false }
11 silly mapToRegistry name node-inspector
12 silly mapToRegistry using default registry
13 silly mapToRegistry registry https://registry.npmjs.org/
14 silly mapToRegistry uri https://registry.npmjs.org/node-inspector
15 verbose addNameRange registry:https://registry.npmjs.org/node-inspector not in flight; fetching
16 verbose request uri https://registry.npmjs.org/node-inspector
17 verbose request no auth needed
18 info attempt registry request try #1 at 7:29:30 AM
19 verbose request id 8b8c5d3ae9ccde2f
20 verbose etag "6T4IRW4J2RR4H8ANIH66RUFIR"
21 http request GET https://registry.npmjs.org/node-inspector
22 http 304 https://registry.npmjs.org/node-inspector
23 silly get cb [ 304,
23 silly get   { date: 'Tue, 25 Aug 2015 11:29:31 GMT',
23 silly get     via: '1.1 varnish',
23 silly get     'cache-control': 'max-age=60',
23 silly get     etag: '"6T4IRW4J2RR4H8ANIH66RUFIR"',
23 silly get     age: '0',
23 silly get     connection: 'keep-alive',
23 silly get     'x-served-by': 'cache-dfw1824-DFW',
23 silly get     'x-cache': 'HIT',
23 silly get     'x-cache-hits': '1',
23 silly get     'x-timer': 'S1440502171.763889,VS0,VE67',
23 silly get     vary: 'Accept' } ]
24 verbose etag https://registry.npmjs.org/node-inspector from cache
25 verbose get saving node-inspector to /Users/mrtunes/.npm/registry.npmjs.org/node-inspector/.cache.json
26 silly addNameRange number 2 { name: 'node-inspector', range: '*', hasData: true }
27 silly addNameRange versions [ 'node-inspector',
27 silly addNameRange   [ '0.0.1',
27 silly addNameRange     '0.0.2',
27 silly addNameRange     '0.0.3',
27 silly addNameRange     '0.0.4',
27 silly addNameRange     '0.1.0',
27 silly addNameRange     '0.1.1',
27 silly addNameRange     '0.1.2',
27 silly addNameRange     '0.1.3',
27 silly addNameRange     '0.1.4',
27 silly addNameRange     '0.1.5',
27 silly addNameRange     '0.1.6',
27 silly addNameRange     '0.1.7',
27 silly addNameRange     '0.1.8',
27 silly addNameRange     '0.1.9',
27 silly addNameRange     '0.1.10',
27 silly addNameRange     '0.3.0',
27 silly addNameRange     '0.3.1',
27 silly addNameRange     '0.3.2',
27 silly addNameRange     '0.3.3',
27 silly addNameRange     '0.3.4',
27 silly addNameRange     '0.4.0',
27 silly addNameRange     '0.5.0',
27 silly addNameRange     '0.6.0',
27 silly addNameRange     '0.6.1',
27 silly addNameRange     '0.6.2',
27 silly addNameRange     '0.7.0-1',
27 silly addNameRange     '0.2.0-beta1',
27 silly addNameRange     '0.2.0-beta2',
27 silly addNameRange     '0.2.0-beta3',
27 silly addNameRange     '0.2.0-beta4',
27 silly addNameRange     '0.3.0-preview1',
27 silly addNameRange     '0.7.0-2',
27 silly addNameRange     '0.7.0',
27 silly addNameRange     '0.7.1',
27 silly addNameRange     '0.7.2',
27 silly addNameRange     '0.7.3',
27 silly addNameRange     '0.7.4',
27 silly addNameRange     '0.8.0',
27 silly addNameRange     '0.8.1',
27 silly addNameRange     '0.8.3',
27 silly addNameRange     '0.9.0',
27 silly addNameRange     '0.9.1',
27 silly addNameRange     '0.9.2',
27 silly addNameRange     '0.10.0',
27 silly addNameRange     '0.10.1',
27 silly addNameRange     '0.10.2',
27 silly addNameRange     '0.11.0',
27 silly addNameRange     '0.11.1',
27 silly addNameRange     '0.11.2',
27 silly addNameRange     '0.12.0',
27 silly addNameRange     '0.12.1',
27 silly addNameRange     '0.12.2' ] ]
28 verbose addNamed node-inspector@0.12.2
29 silly addNamed semver.valid 0.12.2
30 silly addNamed semver.validRange 0.12.2
31 silly cache afterAdd node-inspector@0.12.2
32 verbose afterAdd /Users/mrtunes/.npm/node-inspector/0.12.2/package/package.json not in flight; writing
33 verbose afterAdd /Users/mrtunes/.npm/node-inspector/0.12.2/package/package.json written
34 silly install resolved [ { name: 'node-inspector',
34 silly install resolved     version: '0.12.2',
34 silly install resolved     description: 'Web Inspector based nodeJS debugger',
34 silly install resolved     homepage: 'http://github.com/node-inspector/node-inspector',
34 silly install resolved     author: { name: 'Danny Coates', email: 'dannycoates@gmail.com' },
34 silly install resolved     keywords: [ 'debug', 'debugger', 'inspector', 'profiler' ],
34 silly install resolved     repository:
34 silly install resolved      { type: 'git',
34 silly install resolved        url: 'http://github.com/node-inspector/node-inspector.git' },
34 silly install resolved     engines: { node: '>=0.8.0' },
34 silly install resolved     bin:
34 silly install resolved      { 'node-inspector': './bin/inspector.js',
34 silly install resolved        'node-debug': './bin/node-debug.js' },
34 silly install resolved     dependencies:
34 silly install resolved      { async: '~0.9',
34 silly install resolved        'biased-opener': '~0.2.2',
34 silly install resolved        debug: '^2.2.0',
34 silly install resolved        express: '^4.12.3',
34 silly install resolved        glob: '^5.0.5',
34 silly install resolved        'path-is-absolute': '^1.0.0',
34 silly install resolved        rc: '^1.0.1',
34 silly install resolved        semver: '^4.3.4',
34 silly install resolved        'serve-favicon': '^2.1.1',
34 silly install resolved        'strong-data-uri': '^1.0.0',
34 silly install resolved        'v8-debug': '~0.5.0',
34 silly install resolved        'v8-profiler': '~5.2.4',
34 silly install resolved        which: '^1.1.1',
34 silly install resolved        ws: '^0.7.1',
34 silly install resolved        yargs: '^3.9.0' },
34 silly install resolved     devDependencies:
34 silly install resolved      { promise: '^7.0.3',
34 silly install resolved        mocha: '^1.21',
34 silly install resolved        chai: '^2.1',
34 silly install resolved        jshint: '^2.4.4',
34 silly install resolved        'fs-extra': '~0.8.1' },
34 silly install resolved     preferGlobal: true,
34 silly install resolved     scripts:
34 silly install resolved      { pretest: 'jshint .',
34 silly install resolved        test: 'mocha',
34 silly install resolved        'generate-front-end': 'node --harmony tools/generate-front-end' },
34 silly install resolved     contributors:
34 silly install resolved      [ [Object],
34 silly install resolved        [Object],
34 silly install resolved        [Object],
34 silly install resolved        [Object],
34 silly install resolved        [Object],
34 silly install resolved        [Object],
34 silly install resolved        [Object],
34 silly install resolved        [Object],
34 silly install resolved        [Object],
34 silly install resolved        [Object],
34 silly install resolved        [Object],
34 silly install resolved        [Object],
34 silly install resolved        [Object],
34 silly install resolved        [Object],
34 silly install resolved        [Object],
34 silly install resolved        [Object],
34 silly install resolved        [Object],
34 silly install resolved        [Object],
34 silly install resolved        [Object],
34 silly install resolved        [Object],
34 silly install resolved        [Object],
34 silly install resolved        [Object],
34 silly install resolved        [Object],
34 silly install resolved        [Object],
34 silly install resolved        [Object],
34 silly install resolved        [Object],
34 silly install resolved        [Object],
34 silly install resolved        [Object],
34 silly install resolved        [Object],
34 silly install resolved        [Object],
34 silly install resolved        [Object] ],
34 silly install resolved     gitHead: '70c71ec8e20d1eab004ed56f1dc196e58fd9c001',
34 silly install resolved     bugs: { url: 'https://github.com/node-inspector/node-inspector/issues' },
34 silly install resolved     _id: 'node-inspector@0.12.2',
34 silly install resolved     _shasum: 'b25418fbf270bc5255c61acfc78573145b54c0a3',
34 silly install resolved     _from: 'node-inspector@*',
34 silly install resolved     _npmVersion: '2.5.1',
34 silly install resolved     _nodeVersion: '0.10.40',
34 silly install resolved     _npmUser: { name: '3y3', email: '3y3@bk.ru' },
34 silly install resolved     dist:
34 silly install resolved      { shasum: 'b25418fbf270bc5255c61acfc78573145b54c0a3',
34 silly install resolved        tarball: 'http://registry.npmjs.org/node-inspector/-/node-inspector-0.12.2.tgz' },
34 silly install resolved     maintainers: [ [Object], [Object], [Object], [Object], [Object] ],
34 silly install resolved     directories: {},
34 silly install resolved     _resolved: 'https://registry.npmjs.org/node-inspector/-/node-inspector-0.12.2.tgz',
34 silly install resolved     readme: 'ERROR: No README data found!' } ]
35 info install node-inspector@0.12.2 into /usr/local/lib
36 info installOne node-inspector@0.12.2
37 verbose installOne of node-inspector to /usr/local/lib not in flight; installing
38 verbose lock using /Users/mrtunes/.npm/_locks/node-inspector-885d0a05b8e6718d.lock for /usr/local/lib/node_modules/node-inspector
39 silly install write writing node-inspector 0.12.2 to /usr/local/lib/node_modules/node-inspector
40 silly cache addNamed cb node-inspector@0.12.2
41 verbose unbuild lib/node_modules/node-inspector
42 verbose gentlyRm vacuuming /usr/local/lib/node_modules/node-inspector
43 verbose tar unpack /Users/mrtunes/.npm/node-inspector/0.12.2/package.tgz
44 verbose tar unpacking to /usr/local/lib/node_modules/node-inspector
45 verbose gentlyRm vacuuming /usr/local/lib/node_modules/node-inspector
46 silly gunzTarPerm modes [ '755', '644' ]
47 error tar.unpack untar error /Users/mrtunes/.npm/node-inspector/0.12.2/package.tgz
48 verbose unlock done using /Users/mrtunes/.npm/_locks/node-inspector-885d0a05b8e6718d.lock for /usr/local/lib/node_modules/node-inspector
49 verbose fstream_path /usr/local/lib/node_modules/node-inspector
50 verbose fstream_type Directory
51 verbose fstream_class DirWriter
52 verbose stack Error: EACCES, mkdir '/usr/local/lib/node_modules/node-inspector'
52 verbose stack     at Error (native)
53 verbose fstream_stack /usr/local/lib/node_modules/npm/node_modules/fstream/lib/dir-writer.js:36:23
53 verbose fstream_stack /usr/local/lib/node_modules/npm/node_modules/mkdirp/index.js:46:53
53 verbose fstream_stack FSReqWrap.oncomplete (fs.js:99:15)
54 verbose cwd /Users/mrtunes/GitHub/websocket-relay-server
55 error Darwin 13.4.0
56 error argv "node" "/usr/local/bin/npm" "install" "-g" "node-inspector"
57 error node v0.12.1
58 error npm  v2.5.1
59 error path /usr/local/lib/node_modules/node-inspector
60 error code EACCES
61 error errno -13
62 error Error: EACCES, mkdir '/usr/local/lib/node_modules/node-inspector'
62 error     at Error (native)
62 error  { [Error: EACCES, mkdir '/usr/local/lib/node_modules/node-inspector']
62 error   errno: -13,
62 error   code: 'EACCES',
62 error   path: '/usr/local/lib/node_modules/node-inspector',
62 error   fstream_type: 'Directory',
62 error   fstream_path: '/usr/local/lib/node_modules/node-inspector',
62 error   fstream_class: 'DirWriter',
62 error   fstream_stack:
62 error    [ '/usr/local/lib/node_modules/npm/node_modules/fstream/lib/dir-writer.js:36:23',
62 error      '/usr/local/lib/node_modules/npm/node_modules/mkdirp/index.js:46:53',
62 error      'FSReqWrap.oncomplete (fs.js:99:15)' ] }
63 error Please try running this command again as root/Administrator.
64 verbose exit [ -13, true ]
65 verbose unbuild lib/node_modules/node-inspector
66 verbose gentlyRm vacuuming /usr/local/lib/node_modules/node-inspector
